[2022-02-16T10:31:25.368Z][QUERY]: START TRANSACTION
[2022-02-16T10:31:25.703Z][QUERY]: SELECT DATABASE() AS `db_name`
[2022-02-16T10:31:26.037Z][QUERY]: 
                        SELECT `TABLE_SCHEMA`,
                               `TABLE_NAME`
                        FROM `INFORMATION_SCHEMA`.`TABLES`
                        WHERE `TABLE_SCHEMA` = 'phantomknight'
                          AND `TABLE_NAME` = 'user'
                     UNION 
                        SELECT `TABLE_SCHEMA`,
                               `TABLE_NAME`
                        FROM `INFORMATION_SCHEMA`.`TABLES`
                        WHERE `TABLE_SCHEMA` = 'phantomknight'
                          AND `TABLE_NAME` = 'job'
                    
[2022-02-16T10:31:26.377Z][FAILED QUERY]: 
                        SELECT `TABLE_SCHEMA`,
                               `TABLE_NAME`
                        FROM `INFORMATION_SCHEMA`.`TABLES`
                        WHERE `TABLE_SCHEMA` = 'phantomknight'
                          AND `TABLE_NAME` = 'user'
                     UNION 
                        SELECT `TABLE_SCHEMA`,
                               `TABLE_NAME`
                        FROM `INFORMATION_SCHEMA`.`TABLES`
                        WHERE `TABLE_SCHEMA` = 'phantomknight'
                          AND `TABLE_NAME` = 'job'
                    
[2022-02-16T10:31:26.377Z][QUERY ERROR]: Error: ER_INTERNAL_ERROR: text type with an unknown/unsupported collation cannot be hashed
[2022-02-16T10:31:26.382Z][QUERY]: ROLLBACK
